Using pre-set license
Built from '2020.3/release' branch; Version is '2020.3.1f1 (77a89f25062f) revision 7841951'; Using compiler version '192528614'; Build Type 'Release'
OS: 'Windows 10 Pro; OS build 19041.928; Version 2004; 64bit' Language: 'ru' Physical Memory: 16264 MB
BatchMode: 1, IsHumanControllingUs: 0, StartBugReporterOnCrash: 0, Is64bit: 1, IsPro: 0

 COMMAND LINE ARGUMENTS:
C:\Program Files\Unity\Editor\Unity.exe
-adb2
-batchMode
-noUpm
-name
AssetImportWorker0
-projectPath
F:/MyGames/My MegaMan Fan Game/MegaMan-3D-Project/New Unity 3D Project
-logFile
Logs/AssetImportWorker0.log
-srvPort
53005
Successfully changed project path to: F:/MyGames/My MegaMan Fan Game/MegaMan-3D-Project/New Unity 3D Project
F:/MyGames/My MegaMan Fan Game/MegaMan-3D-Project/New Unity 3D Project
Using Asset Import Pipeline V2.
Refreshing native plugins compatible for Editor in 82.97 ms, found 3 plugins.
Preloading 0 native plugins for Editor in 0.00 ms.
Initialize engine version: 2020.3.1f1 (77a89f25062f)
[Subsystems] Discovering subsystems at path C:/Program Files/Unity/Editor/Data/Resources/UnitySubsystems
[Subsystems] Discovering subsystems at path F:/MyGames/My MegaMan Fan Game/MegaMan-3D-Project/New Unity 3D Project/Assets
GfxDevice: creating device client; threaded=0
Direct3D:
    Version:  Direct3D 11.0 [level 11.1]
    Renderer: NVIDIA GeForce GTX 1650 (ID=0x1f91)
    Vendor:   
    VRAM:     3962 MB
    Driver:   27.21.14.5167
Shader 'Universal Render Pipeline/Particles/Lit': fallback shader 'Universal Render Pipeline/Particles/SimpleLit' not found
Initialize mono
Mono path[0] = 'C:/Program Files/Unity/Editor/Data/Managed'
Mono path[1] = 'C:/Program Files/Unity/Editor/Data/MonoBleedingEdge/lib/mono/unityjit'
Mono config path = 'C:/Program Files/Unity/Editor/Data/MonoBleedingEdge/etc'
Using monoOptions --debugger-agent=transport=dt_socket,embedding=1,server=y,suspend=n,address=127.0.0.1:56912
Begin MonoManager ReloadAssembly
Registering precompiled unity dll's ...
Register platform support module: C:/Program Files/Unity/Editor/Data/PlaybackEngines/WebGLSupport/UnityEditor.WebGL.Extensions.dll
Register platform support module: C:/Program Files/Unity/Editor/Data/PlaybackEngines/MacStandaloneSupport/UnityEditor.OSXStandalone.Extensions.dll
Register platform support module: C:/Program Files/Unity/Editor/Data/PlaybackEngines/WindowsStandaloneSupport/UnityEditor.WindowsStandalone.Extensions.dll
Register platform support module: C:/Program Files/Unity/Editor/Data/PlaybackEngines/LinuxStandaloneSupport/UnityEditor.LinuxStandalone.Extensions.dll
Registered in 0.002867 seconds.
Native extension for LinuxStandalone target not found
Native extension for WindowsStandalone target not found
Native extension for OSXStandalone target not found
Native extension for WebGL target not found
Refreshing native plugins compatible for Editor in 67.43 ms, found 3 plugins.
Preloading 0 native plugins for Editor in 0.00 ms.
Invoked RoslynAnalysisRunner static constructor.
RoslynAnalysisRunner will not be running.
RoslynAnalysisRunner has terminated.
Mono: successfully reloaded assembly
- Completed reload, in  1.210 seconds
Platform modules already initialized, skipping
Registering precompiled user dll's ...
Registered in 0.003033 seconds.
Begin MonoManager ReloadAssembly
Native extension for LinuxStandalone target not found
Native extension for WindowsStandalone target not found
Native extension for OSXStandalone target not found
Native extension for WebGL target not found
Refreshing native plugins compatible for Editor in 69.09 ms, found 3 plugins.
Preloading 0 native plugins for Editor in 0.00 ms.
Invoked RoslynAnalysisRunner static constructor.
RoslynAnalysisRunner will not be running.
RoslynAnalysisRunner has terminated.
Find all reader and writers took 102 milliseconds
Script Module: UnityEngine.UI.dll
Weave behaviours and messages took69 milliseconds
Find all reader and writers took 69 milliseconds
Script Module: Unity.RenderPipelines.Core.Runtime.dll
Weave behaviours and messages took52 milliseconds
Find all reader and writers took 73 milliseconds
Script Module: UnityEngine.TestRunner.dll
Weave behaviours and messages took18 milliseconds
Find all reader and writers took 83 milliseconds
Script Module: Unity.Mathematics.dll
Weave behaviours and messages took165 milliseconds
Find all reader and writers took 76 milliseconds
Script Module: Unity.InputSystem.dll
Weave behaviours and messages took164 milliseconds
Find all reader and writers took 59 milliseconds
Script Module: SimpleWebTransport.dll
Weave behaviours and messages took5 milliseconds
Find all reader and writers took 90 milliseconds
Script Module: Unity.RenderPipelines.Universal.Runtime.dll
Weave behaviours and messages took50 milliseconds
Find all reader and writers took 63 milliseconds
Script Module: Unity.Animation.Rigging.dll
Weave behaviours and messages took17 milliseconds
Find all reader and writers took 66 milliseconds
Script Module: Unity.Burst.dll
Weave behaviours and messages took37 milliseconds
Find all reader and writers took 95 milliseconds
Script Module: Unity.TextMeshPro.dll
Weave behaviours and messages took68 milliseconds
Find all reader and writers took 67 milliseconds
Script Module: Unity.ProBuilder.Poly2Tri.dll
Weave behaviours and messages took5 milliseconds
Find all reader and writers took 74 milliseconds
Script Module: Cinemachine.dll
Weave behaviours and messages took51 milliseconds
Find all reader and writers took 86 milliseconds
Script Module: Unity.Timeline.dll
Weave behaviours and messages took21 milliseconds
Find all reader and writers took 72 milliseconds
Script Module: Unity.Postprocessing.Runtime.dll
Weave behaviours and messages took25 milliseconds
Find all reader and writers took 75 milliseconds
Script Module: Unity.ProBuilder.dll
Weave behaviours and messages took61 milliseconds
Find all reader and writers took 72 milliseconds
Script Module: Telepathy.dll
Weave behaviours and messages took5 milliseconds
Find all reader and writers took 84 milliseconds
Script Module: Unity.ProBuilder.Csg.dll
Weave behaviours and messages took4 milliseconds
Find all reader and writers took 76 milliseconds
Script Module: Mirror.Cloud.dll
Weave behaviours and messages took2 milliseconds
Find all reader and writers took 66 milliseconds
Script Module: kcp2k.dll
Weave behaviours and messages took4 milliseconds
Find all reader and writers took 95 milliseconds
Script Module: Unity.Recorder.dll
Weave behaviours and messages took0 milliseconds
Find all reader and writers took 65 milliseconds
Script Module: Unity.ProBuilder.KdTree.dll
Weave behaviours and messages took6 milliseconds
Find all reader and writers took 66 milliseconds
Script Module: Unity.RenderPipelines.Core.ShaderLibrary.dll
Weave behaviours and messages took0 milliseconds
Find all reader and writers took 64 milliseconds
Script Module: Unity.Recorder.Base.dll
Weave behaviours and messages took0 milliseconds
Find all reader and writers took 65 milliseconds
Script Module: Unity.RenderPipeline.Universal.ShaderLibrary.dll
Weave behaviours and messages took0 milliseconds
Find all reader and writers took 63 milliseconds
Script Module: Unity.ProBuilder.Stl.dll
Weave behaviours and messages took4 milliseconds
Find all reader and writers took 65 milliseconds
Script Module: Unity.RenderPipelines.Universal.Shaders.dll
Weave behaviours and messages took0 milliseconds
Find all reader and writers took 70 milliseconds
Script Module: Unity.RenderPipelines.ShaderGraph.ShaderGraphLibrary.dll
Weave behaviours and messages took0 milliseconds
Find all reader and writers took 90 milliseconds
Script Module: com.unity.cinemachine.editor.dll
Weave behaviours and messages took35 milliseconds
Find all reader and writers took 89 milliseconds
Script Module: UnityEditor.TestRunner.dll
Weave behaviours and messages took40 milliseconds
Find all reader and writers took 83 milliseconds
Script Module: ParrelSync.dll
Weave behaviours and messages took1 milliseconds
Find all reader and writers took 64 milliseconds
Script Module: Unity.Toolchain.Win-x86_64-Linux-x86_64.dll
Weave behaviours and messages took0 milliseconds
Find all reader and writers took 93 milliseconds
Script Module: Unity.ProBuilder.AssetIdRemapUtility.dll
Weave behaviours and messages took6 milliseconds
Find all reader and writers took 75 milliseconds
Script Module: Mirror.CompilerSymbols.dll
Weave behaviours and messages took0 milliseconds
Find all reader and writers took 90 milliseconds
Script Module: UnityEditor.UI.dll
Weave behaviours and messages took10 milliseconds
Find all reader and writers took 77 milliseconds
Script Module: Unity.ShaderGraph.Utilities.dll
Weave behaviours and messages took0 milliseconds
Find all reader and writers took 64 milliseconds
Script Module: Unity.Sysroot.Linux_x86_64.dll
Weave behaviours and messages took0 milliseconds
Mono: successfully reloaded assembly
- Completed reload, in 10.507 seconds
Platform modules already initialized, skipping
========================================================================
Worker process is ready to serve import requests
Shader 'Universal Render Pipeline/Particles/Lit': fallback shader 'Universal Render Pipeline/Particles/SimpleLit' not found
Launched and connected shader compiler UnityShaderCompiler.exe after 0.05 seconds
Refreshing native plugins compatible for Editor in 0.71 ms, found 3 plugins.
Preloading 0 native plugins for Editor in 0.00 ms.
Unloading 3988 Unused Serialized files (Serialized files now loaded: 0)
System memory in use before: 176.2 MB.
System memory in use after: 176.4 MB.

Unloading 168 unused Assets to reduce memory usage. Loaded Objects now: 4407.
Total: 4.830500 ms (FindLiveObjects: 0.470400 ms CreateObjectMapping: 0.313900 ms MarkObjects: 3.790400 ms  DeleteObjects: 0.254500 ms)

========================================================================
Received Import Request.
  path: Assets/Prefabs/Player/TestMultiplayer.prefab
  artifactKey: Guid(197f5f4a7e9b13848b5c0f0ba20c7a18) Importer(815301076,1909f56bfc062723c751e8b465ee728b)
Start importing Assets/Prefabs/Player/TestMultiplayer.prefab using Guid(197f5f4a7e9b13848b5c0f0ba20c7a18) Importer(815301076,1909f56bfc062723c751e8b465ee728b)  -> (artifact id: '0cf59fe32bb5cf159c3b17c8f172a329') in 0.238347 seconds
  Import took 0.244873 seconds .

========================================================================
Received Import Request.
  Time since last request: 1.121164 seconds.
  path: Assets/Prefabs/Player/ChargeShot.fbx
  artifactKey: Guid(5e2181201c145f94c86a1534c315197c) Importer(815301076,1909f56bfc062723c751e8b465ee728b)
Start importing Assets/Prefabs/Player/ChargeShot.fbx using Guid(5e2181201c145f94c86a1534c315197c) Importer(815301076,1909f56bfc062723c751e8b465ee728b)  -> (artifact id: '31385caf2adadf0f629b98f73f5a3e1b') in 0.117229 seconds
  Import took 0.126833 seconds .

========================================================================
Received Import Request.
  Time since last request: 13.865022 seconds.
  path: Assets/Resources/Meshes/Player/MegaMan/Buster.blend
  artifactKey: Guid(1b05faf88a02d09459d9845bcddefd7d) Importer(815301076,1909f56bfc062723c751e8b465ee728b)
Start importing Assets/Resources/Meshes/Player/MegaMan/Buster.blend using Guid(1b05faf88a02d09459d9845bcddefd7d) Importer(815301076,1909f56bfc062723c751e8b465ee728b)  -> (artifact id: 'a13bd8dd228edb9d6817ea2877fc4eb7') in 0.061686 seconds
  Import took 0.070022 seconds .

========================================================================
Received Import Request.
  Time since last request: 0.000305 seconds.
  path: Assets/Resources/Meshes/Player/MegaMan/MegaMan_Rigged.blend
  artifactKey: Guid(f82bab10818e54147acfbe6e78ebb498) Importer(815301076,1909f56bfc062723c751e8b465ee728b)
Start importing Assets/Resources/Meshes/Player/MegaMan/MegaMan_Rigged.blend using Guid(f82bab10818e54147acfbe6e78ebb498) Importer(815301076,1909f56bfc062723c751e8b465ee728b)  -> (artifact id: '584f959d2cc9381d7aa850fc9d2643ab') in 0.140790 seconds
  Import took 0.147838 seconds .

========================================================================
Received Import Request.
  Time since last request: 19.097168 seconds.
  path: Assets/Resources/Materials/Player/MegaMan/Buster.mat
  artifactKey: Guid(eef5250c0d254634aa13b1ea621a6cb6) Importer(815301076,1909f56bfc062723c751e8b465ee728b)
Start importing Assets/Resources/Materials/Player/MegaMan/Buster.mat using Guid(eef5250c0d254634aa13b1ea621a6cb6) Importer(815301076,1909f56bfc062723c751e8b465ee728b)  -> (artifact id: '7abea87f25fb00d03eae88ac6e50c816') in 0.017620 seconds
  Import took 0.024389 seconds .

========================================================================
Received Import Request.
  Time since last request: 0.000298 seconds.
  path: Assets/Resources/Materials/Player/MegaMan/Rush Coil.mat
  artifactKey: Guid(419bbf054e7d41c409277f6645d4e8b2) Importer(815301076,1909f56bfc062723c751e8b465ee728b)
Start importing Assets/Resources/Materials/Player/MegaMan/Rush Coil.mat using Guid(419bbf054e7d41c409277f6645d4e8b2) Importer(815301076,1909f56bfc062723c751e8b465ee728b)  -> (artifact id: 'd6235dffa2724644a3eae183242a0951') in 0.018915 seconds
  Import took 0.026934 seconds .

========================================================================
Received Import Request.
  Time since last request: 0.000287 seconds.
  path: Assets/Resources/Materials/Player/MegaMan/MegaMan.mat
  artifactKey: Guid(52f442015d2ed0a468dd074bfd140324) Importer(815301076,1909f56bfc062723c751e8b465ee728b)
Start importing Assets/Resources/Materials/Player/MegaMan/MegaMan.mat using Guid(52f442015d2ed0a468dd074bfd140324) Importer(815301076,1909f56bfc062723c751e8b465ee728b)  -> (artifact id: '26a403f4573cc7008d4a5948d606bdb6') in 0.018076 seconds
  Import took 0.027521 seconds .

========================================================================
Received Import Request.
  Time since last request: 0.000289 seconds.
  path: Assets/Resources/Materials/Player/MegaMan/Trail.mat
  artifactKey: Guid(a4923781c8042cc41b65475997071dbf) Importer(815301076,1909f56bfc062723c751e8b465ee728b)
Start importing Assets/Resources/Materials/Player/MegaMan/Trail.mat using Guid(a4923781c8042cc41b65475997071dbf) Importer(815301076,1909f56bfc062723c751e8b465ee728b)  -> (artifact id: '28acbc021ba7eed7a7fa99084dd9e625') in 0.017621 seconds
  Import took 0.028550 seconds .

========================================================================
Received Import Request.
  Time since last request: 1.709170 seconds.
  path: Assets/Resources/Materials/Player/MegaMan/Projectiles/FullChargeShot.mat
  artifactKey: Guid(664e1365d8fe48b47b49094128b1482b) Importer(815301076,1909f56bfc062723c751e8b465ee728b)
Start importing Assets/Resources/Materials/Player/MegaMan/Projectiles/FullChargeShot.mat using Guid(664e1365d8fe48b47b49094128b1482b) Importer(815301076,1909f56bfc062723c751e8b465ee728b)  -> (artifact id: 'ad69d0042b1ce207e2a5c7485f4cb5ca') in 0.017335 seconds
  Import took 0.025087 seconds .

========================================================================
Received Import Request.
  Time since last request: 0.000309 seconds.
  path: Assets/Resources/Materials/Player/MegaMan/Projectiles/NormalShot.mat
  artifactKey: Guid(9ff411ab7c8b90e428c549827f9703c2) Importer(815301076,1909f56bfc062723c751e8b465ee728b)
Start importing Assets/Resources/Materials/Player/MegaMan/Projectiles/NormalShot.mat using Guid(9ff411ab7c8b90e428c549827f9703c2) Importer(815301076,1909f56bfc062723c751e8b465ee728b)  -> (artifact id: 'a75ba19256cf8af64e067ea149574ef9') in 0.012748 seconds
  Import took 0.019727 seconds .

========================================================================
Received Import Request.
  Time since last request: 0.000271 seconds.
  path: Assets/Resources/Materials/Player/MegaMan/Projectiles/MiddleChargeShot.mat
  artifactKey: Guid(b39006c877d662a469a94f415d987880) Importer(815301076,1909f56bfc062723c751e8b465ee728b)
Start importing Assets/Resources/Materials/Player/MegaMan/Projectiles/MiddleChargeShot.mat using Guid(b39006c877d662a469a94f415d987880) Importer(815301076,1909f56bfc062723c751e8b465ee728b)  -> (artifact id: '8973e5b92c300c2705d4f74d2a1623ad') in 0.013084 seconds
  Import took 0.020196 seconds .

========================================================================
Received Import Request.
  Time since last request: 9.824114 seconds.
  path: Assets/Resources/Materials/Player/MegaMan/Projectiles/NormalShot.mat
  artifactKey: Guid(9ff411ab7c8b90e428c549827f9703c2) Importer(815301076,1909f56bfc062723c751e8b465ee728b)
Start importing Assets/Resources/Materials/Player/MegaMan/Projectiles/NormalShot.mat using Guid(9ff411ab7c8b90e428c549827f9703c2) Importer(815301076,1909f56bfc062723c751e8b465ee728b)  -> (artifact id: '2c182bd54200178f8c7575473c2ab6f1') in 0.017428 seconds
  Import took 0.028827 seconds .

========================================================================
Received Import Request.
  Time since last request: 7.622166 seconds.
  path: Assets/Resources/Materials/Player/MegaMan/Projectiles/test.png
  artifactKey: Guid(7bb29dfc284fa984f90d094f039800f8) Importer(815301076,1909f56bfc062723c751e8b465ee728b)
Start importing Assets/Resources/Materials/Player/MegaMan/Projectiles/test.png using Guid(7bb29dfc284fa984f90d094f039800f8) Importer(815301076,1909f56bfc062723c751e8b465ee728b)  -> (artifact id: '127194ab63cc3b8755f295f88f933b84') in 0.038478 seconds
  Import took 0.047915 seconds .

========================================================================
Received Import Request.
  Time since last request: 154.277168 seconds.
  path: Assets/Resources/Materials/Player/MegaMan/Projectiles/MiddleChargeShot.mat
  artifactKey: Guid(b39006c877d662a469a94f415d987880) Importer(815301076,1909f56bfc062723c751e8b465ee728b)
Start importing Assets/Resources/Materials/Player/MegaMan/Projectiles/MiddleChargeShot.mat using Guid(b39006c877d662a469a94f415d987880) Importer(815301076,1909f56bfc062723c751e8b465ee728b)  -> (artifact id: '102b875e1cd18a40c1b69ad9a7b1ae70') in 0.028656 seconds
  Import took 0.038661 seconds .

========================================================================
Received Import Request.
  Time since last request: 0.000310 seconds.
  path: Assets/Resources/Materials/Player/MegaMan/Projectiles/NormalShot.mat
  artifactKey: Guid(9ff411ab7c8b90e428c549827f9703c2) Importer(815301076,1909f56bfc062723c751e8b465ee728b)
Start importing Assets/Resources/Materials/Player/MegaMan/Projectiles/NormalShot.mat using Guid(9ff411ab7c8b90e428c549827f9703c2) Importer(815301076,1909f56bfc062723c751e8b465ee728b)  -> (artifact id: '871bc5d374f00c9c670f600cda13566f') in 0.017503 seconds
  Import took 0.026690 seconds .

========================================================================
Received Import Request.
  Time since last request: 0.000264 seconds.
  path: Assets/Resources/Materials/Player/MegaMan/Projectiles/NormalShot 1.mat
  artifactKey: Guid(53cb9902bd8b8e349bfdc8e4ff2f0b8d) Importer(815301076,1909f56bfc062723c751e8b465ee728b)
Start importing Assets/Resources/Materials/Player/MegaMan/Projectiles/NormalShot 1.mat using Guid(53cb9902bd8b8e349bfdc8e4ff2f0b8d) Importer(815301076,1909f56bfc062723c751e8b465ee728b)  -> (artifact id: 'fbeccdd15cf53d9a8781c06c13ff2031') in 0.015103 seconds
  Import took 0.022345 seconds .

========================================================================
Received Import Request.
  Time since last request: 54.517049 seconds.
  path: Assets/Resources/Materials/Player/MegaMan/Projectiles/NormalShot 2.mat
  artifactKey: Guid(459877cfd26bf614e9bd0094329b9217) Importer(815301076,1909f56bfc062723c751e8b465ee728b)
Start importing Assets/Resources/Materials/Player/MegaMan/Projectiles/NormalShot 2.mat using Guid(459877cfd26bf614e9bd0094329b9217) Importer(815301076,1909f56bfc062723c751e8b465ee728b)  -> (artifact id: '2a713d0accf25fd6fb495e3e112030af') in 0.016329 seconds
  Import took 0.025932 seconds .

AssetImportWorkerClient::OnTransportError - code=2 error=End of file
