Using pre-set license
Built from '2020.3/release' branch; Version is '2020.3.1f1 (77a89f25062f) revision 7841951'; Using compiler version '192528614'; Build Type 'Release'
OS: 'Windows 10 Pro; OS build 19041.928; Version 2004; 64bit' Language: 'ru' Physical Memory: 16264 MB
BatchMode: 1, IsHumanControllingUs: 0, StartBugReporterOnCrash: 0, Is64bit: 1, IsPro: 0

 COMMAND LINE ARGUMENTS:
C:\Program Files\Unity\Editor\Unity.exe
-adb2
-batchMode
-noUpm
-name
AssetImportWorker0
-projectPath
F:/MyGames/MegaMan-3D-Project/MegaMan_Overcharged
-logFile
Logs/AssetImportWorker0.log
-srvPort
49184
Successfully changed project path to: F:/MyGames/MegaMan-3D-Project/MegaMan_Overcharged
F:/MyGames/MegaMan-3D-Project/MegaMan_Overcharged
Using Asset Import Pipeline V2.
Refreshing native plugins compatible for Editor in 118.97 ms, found 3 plugins.
Preloading 0 native plugins for Editor in 0.00 ms.
Initialize engine version: 2020.3.1f1 (77a89f25062f)
[Subsystems] Discovering subsystems at path C:/Program Files/Unity/Editor/Data/Resources/UnitySubsystems
[Subsystems] Discovering subsystems at path F:/MyGames/MegaMan-3D-Project/MegaMan_Overcharged/Assets
GfxDevice: creating device client; threaded=0
Direct3D:
    Version:  Direct3D 11.0 [level 11.1]
    Renderer: NVIDIA GeForce GTX 1650 (ID=0x1f91)
    Vendor:   
    VRAM:     3962 MB
    Driver:   27.21.14.5167
Shader 'Universal Render Pipeline/Particles/Lit': fallback shader 'Universal Render Pipeline/Particles/SimpleLit' not found
Initialize mono
Mono path[0] = 'C:/Program Files/Unity/Editor/Data/Managed'
Mono path[1] = 'C:/Program Files/Unity/Editor/Data/MonoBleedingEdge/lib/mono/unityjit'
Mono config path = 'C:/Program Files/Unity/Editor/Data/MonoBleedingEdge/etc'
Using monoOptions --debugger-agent=transport=dt_socket,embedding=1,server=y,suspend=n,address=127.0.0.1:56900
Begin MonoManager ReloadAssembly
Registering precompiled unity dll's ...
Register platform support module: C:/Program Files/Unity/Editor/Data/PlaybackEngines/WebGLSupport/UnityEditor.WebGL.Extensions.dll
Register platform support module: C:/Program Files/Unity/Editor/Data/PlaybackEngines/MacStandaloneSupport/UnityEditor.OSXStandalone.Extensions.dll
Register platform support module: C:/Program Files/Unity/Editor/Data/PlaybackEngines/WindowsStandaloneSupport/UnityEditor.WindowsStandalone.Extensions.dll
Register platform support module: C:/Program Files/Unity/Editor/Data/PlaybackEngines/LinuxStandaloneSupport/UnityEditor.LinuxStandalone.Extensions.dll
Registered in 0.003957 seconds.
Native extension for LinuxStandalone target not found
Native extension for WindowsStandalone target not found
Native extension for OSXStandalone target not found
Native extension for WebGL target not found
Refreshing native plugins compatible for Editor in 168.40 ms, found 3 plugins.
Preloading 0 native plugins for Editor in 0.00 ms.
Invoked RoslynAnalysisRunner static constructor.
RoslynAnalysisRunner will not be running.
RoslynAnalysisRunner has terminated.
Mono: successfully reloaded assembly
- Completed reload, in  1.930 seconds
Platform modules already initialized, skipping
Registering precompiled user dll's ...
Registered in 0.014851 seconds.
Begin MonoManager ReloadAssembly
Native extension for LinuxStandalone target not found
Native extension for WindowsStandalone target not found
Native extension for OSXStandalone target not found
Native extension for WebGL target not found
Refreshing native plugins compatible for Editor in 113.58 ms, found 3 plugins.
Preloading 0 native plugins for Editor in 0.00 ms.
Invoked RoslynAnalysisRunner static constructor.
RoslynAnalysisRunner will not be running.
RoslynAnalysisRunner has terminated.
Find all reader and writers took 156 milliseconds
Script Module: UnityEngine.UI.dll
Weave behaviours and messages took123 milliseconds
Find all reader and writers took 146 milliseconds
Script Module: Unity.RenderPipelines.Core.Runtime.dll
Weave behaviours and messages took95 milliseconds
Find all reader and writers took 143 milliseconds
Script Module: UnityEngine.TestRunner.dll
Weave behaviours and messages took42 milliseconds
Find all reader and writers took 111 milliseconds
Script Module: Unity.Mathematics.dll
Weave behaviours and messages took336 milliseconds
Find all reader and writers took 186 milliseconds
Script Module: Unity.InputSystem.dll
Weave behaviours and messages took262 milliseconds
Find all reader and writers took 224 milliseconds
Script Module: SimpleWebTransport.dll
Weave behaviours and messages took113 milliseconds
Find all reader and writers took 493 milliseconds
Script Module: Unity.RenderPipelines.Universal.Runtime.dll
Weave behaviours and messages took335 milliseconds
Find all reader and writers took 142 milliseconds
Script Module: Unity.Animation.Rigging.dll
Weave behaviours and messages took68 milliseconds
Find all reader and writers took 121 milliseconds
Script Module: Unity.Burst.dll
Weave behaviours and messages took51 milliseconds
Find all reader and writers took 261 milliseconds
Script Module: Unity.TextMeshPro.dll
Weave behaviours and messages took151 milliseconds
Find all reader and writers took 149 milliseconds
Script Module: Unity.ProBuilder.Poly2Tri.dll
Weave behaviours and messages took10 milliseconds
Find all reader and writers took 115 milliseconds
Script Module: Cinemachine.dll
Weave behaviours and messages took128 milliseconds
Find all reader and writers took 280 milliseconds
Script Module: Unity.Timeline.dll
Weave behaviours and messages took109 milliseconds
Find all reader and writers took 289 milliseconds
Script Module: Unity.Postprocessing.Runtime.dll
Weave behaviours and messages took57 milliseconds
Find all reader and writers took 297 milliseconds
Script Module: Unity.ProBuilder.dll
Weave behaviours and messages took139 milliseconds
Find all reader and writers took 166 milliseconds
Script Module: Telepathy.dll
Weave behaviours and messages took8 milliseconds
Find all reader and writers took 156 milliseconds
Script Module: Unity.ProBuilder.Csg.dll
Weave behaviours and messages took6 milliseconds
Find all reader and writers took 199 milliseconds
Script Module: Mirror.Cloud.dll
Weave behaviours and messages took3 milliseconds
Find all reader and writers took 319 milliseconds
Script Module: kcp2k.dll
Weave behaviours and messages took15 milliseconds
Find all reader and writers took 412 milliseconds
Script Module: Unity.Recorder.dll
Weave behaviours and messages took1 milliseconds
Find all reader and writers took 111 milliseconds
Script Module: Unity.ProBuilder.KdTree.dll
Weave behaviours and messages took4 milliseconds
Find all reader and writers took 191 milliseconds
Script Module: Unity.RenderPipelines.Core.ShaderLibrary.dll
Weave behaviours and messages took0 milliseconds
Find all reader and writers took 182 milliseconds
Script Module: Unity.Recorder.Base.dll
Weave behaviours and messages took0 milliseconds
Find all reader and writers took 151 milliseconds
Script Module: Unity.RenderPipeline.Universal.ShaderLibrary.dll
Weave behaviours and messages took0 milliseconds
Find all reader and writers took 111 milliseconds
Script Module: Unity.ProBuilder.Stl.dll
Weave behaviours and messages took3 milliseconds
Find all reader and writers took 189 milliseconds
Script Module: Unity.RenderPipelines.Universal.Shaders.dll
Weave behaviours and messages took0 milliseconds
Find all reader and writers took 195 milliseconds
Script Module: Unity.RenderPipelines.ShaderGraph.ShaderGraphLibrary.dll
Weave behaviours and messages took0 milliseconds
Find all reader and writers took 313 milliseconds
Script Module: com.unity.cinemachine.editor.dll
Weave behaviours and messages took87 milliseconds
Find all reader and writers took 385 milliseconds
Script Module: UnityEditor.TestRunner.dll
Weave behaviours and messages took177 milliseconds
Find all reader and writers took 198 milliseconds
Script Module: Unity.Toolchain.Win-x86_64-Linux-x86_64.dll
Weave behaviours and messages took1 milliseconds
Find all reader and writers took 212 milliseconds
Script Module: Unity.ProBuilder.AssetIdRemapUtility.dll
Weave behaviours and messages took6 milliseconds
Find all reader and writers took 147 milliseconds
Script Module: Mirror.CompilerSymbols.dll
Weave behaviours and messages took0 milliseconds
Find all reader and writers took 191 milliseconds
Script Module: UnityEditor.UI.dll
Weave behaviours and messages took18 milliseconds
