Using pre-set license
Built from '2020.3/release' branch; Version is '2020.3.1f1 (77a89f25062f) revision 7841951'; Using compiler version '192528614'; Build Type 'Release'
OS: 'Windows 10 Pro; OS build 18363.1440; Version 1909; 64bit' Language: 'ru' Physical Memory: 16264 MB
BatchMode: 1, IsHumanControllingUs: 0, StartBugReporterOnCrash: 0, Is64bit: 1, IsPro: 0

 COMMAND LINE ARGUMENTS:
E:\Unity Editors\2020.3.1f1\Editor\Unity.exe
-adb2
-batchMode
-noUpm
-name
AssetImportWorker0
-projectPath
E:/Work/Nikita Pasternatskyi/MyGames/New Unity 3D Project
-logFile
Logs/AssetImportWorker0.log
-srvPort
62873
Successfully changed project path to: E:/Work/Nikita Pasternatskyi/MyGames/New Unity 3D Project
E:/Work/Nikita Pasternatskyi/MyGames/New Unity 3D Project
Using Asset Import Pipeline V2.
Refreshing native plugins compatible for Editor in 51.04 ms, found 0 plugins.
Preloading 0 native plugins for Editor in 0.00 ms.
Initialize engine version: 2020.3.1f1 (77a89f25062f)
[Subsystems] Discovering subsystems at path E:/Unity Editors/2020.3.1f1/Editor/Data/Resources/UnitySubsystems
[Subsystems] Discovering subsystems at path E:/Work/Nikita Pasternatskyi/MyGames/New Unity 3D Project/Assets
GfxDevice: creating device client; threaded=0
Direct3D:
    Version:  Direct3D 11.0 [level 11.1]
    Renderer: NVIDIA GeForce GTX 1650 (ID=0x1f91)
    Vendor:   
    VRAM:     3962 MB
    Driver:   27.21.14.5167
Shader 'Universal Render Pipeline/Particles/Lit': fallback shader 'Universal Render Pipeline/Particles/SimpleLit' not found
Initialize mono
Mono path[0] = 'E:/Unity Editors/2020.3.1f1/Editor/Data/Managed'
Mono path[1] = 'E:/Unity Editors/2020.3.1f1/Editor/Data/MonoBleedingEdge/lib/mono/unityjit'
Mono config path = 'E:/Unity Editors/2020.3.1f1/Editor/Data/MonoBleedingEdge/etc'
Using monoOptions --debugger-agent=transport=dt_socket,embedding=1,server=y,suspend=n,address=127.0.0.1:56616
Begin MonoManager ReloadAssembly
Registering precompiled unity dll's ...
Register platform support module: E:/Unity Editors/2020.3.1f1/Editor/Data/PlaybackEngines/WindowsStandaloneSupport/UnityEditor.WindowsStandalone.Extensions.dll
Registered in 0.000911 seconds.
Native extension for WindowsStandalone target not found
Refreshing native plugins compatible for Editor in 51.30 ms, found 0 plugins.
Preloading 0 native plugins for Editor in 0.00 ms.
Invoked RoslynAnalysisRunner static constructor.
RoslynAnalysisRunner will not be running.
RoslynAnalysisRunner has terminated.
Mono: successfully reloaded assembly
- Completed reload, in  0.908 seconds
Platform modules already initialized, skipping
Registering precompiled user dll's ...
Registered in 0.001071 seconds.
Begin MonoManager ReloadAssembly
Native extension for WindowsStandalone target not found
Refreshing native plugins compatible for Editor in 62.83 ms, found 0 plugins.
Preloading 0 native plugins for Editor in 0.00 ms.
Invoked RoslynAnalysisRunner static constructor.
RoslynAnalysisRunner will not be running.
RoslynAnalysisRunner has terminated.
Mono: successfully reloaded assembly
- Completed reload, in  1.181 seconds
Platform modules already initialized, skipping
========================================================================
Worker process is ready to serve import requests
Shader 'Universal Render Pipeline/Particles/Lit': fallback shader 'Universal Render Pipeline/Particles/SimpleLit' not found
Launched and connected shader compiler UnityShaderCompiler.exe after 0.05 seconds
Refreshing native plugins compatible for Editor in 1.04 ms, found 0 plugins.
Preloading 0 native plugins for Editor in 0.00 ms.
Unloading 3084 Unused Serialized files (Serialized files now loaded: 0)
System memory in use before: 144.9 MB.
System memory in use after: 145.1 MB.

Unloading 130 unused Assets to reduce memory usage. Loaded Objects now: 3524.
Total: 5.437200 ms (FindLiveObjects: 0.393500 ms CreateObjectMapping: 0.221300 ms MarkObjects: 4.609800 ms  DeleteObjects: 0.210600 ms)

========================================================================
Received Import Request.
  path: Assets/Scenes/Tests/Items_Test.unity
  artifactKey: Guid(ba5855ffbcbd0324cb7730b8ac3f0342) Importer(815301076,1909f56bfc062723c751e8b465ee728b)
Start importing Assets/Scenes/Tests/Items_Test.unity using Guid(ba5855ffbcbd0324cb7730b8ac3f0342) Importer(815301076,1909f56bfc062723c751e8b465ee728b)  -> (artifact id: '62ced35eccea89ac50b1b5b1744a45f4') in 0.015270 seconds
  Import took 0.024273 seconds .

========================================================================
Received Import Request.
  Time since last request: 0.000227 seconds.
  path: Assets/Scenes/Tests/Post_Processing_Test
  artifactKey: Guid(029dc2f8c2d0fb7498df4c886cb60d3f) Importer(815301076,1909f56bfc062723c751e8b465ee728b)
Start importing Assets/Scenes/Tests/Post_Processing_Test using Guid(029dc2f8c2d0fb7498df4c886cb60d3f) Importer(815301076,1909f56bfc062723c751e8b465ee728b)  -> (artifact id: '8719a6468445e1b4f942868dcaaf1e6f') in 0.008542 seconds
  Import took 0.017231 seconds .

========================================================================
Received Import Request.
  Time since last request: 0.000279 seconds.
  path: Assets/Scenes/Tests/Post_Processing_Test/Box Volume Profile.asset
  artifactKey: Guid(33dd4da9786ac6a4b8a25bfe3bcc8cba) Importer(815301076,1909f56bfc062723c751e8b465ee728b)
Start importing Assets/Scenes/Tests/Post_Processing_Test/Box Volume Profile.asset using Guid(33dd4da9786ac6a4b8a25bfe3bcc8cba) Importer(815301076,1909f56bfc062723c751e8b465ee728b)  -> (artifact id: 'a736d14a48d45697a599062606f948a1') in 0.079498 seconds
  Import took 0.087186 seconds .

========================================================================
Received Import Request.
  Time since last request: 0.117072 seconds.
  path: Assets/Scenes/Tests/Post_Processing_Test.unity
  artifactKey: Guid(50cfca984ecf6aa42a40951092270a44) Importer(815301076,1909f56bfc062723c751e8b465ee728b)
Start importing Assets/Scenes/Tests/Post_Processing_Test.unity using Guid(50cfca984ecf6aa42a40951092270a44) Importer(815301076,1909f56bfc062723c751e8b465ee728b)  -> (artifact id: '5b57d73cacf2f3f72502d1ed47b38aaa') in 0.006558 seconds
  Import took 0.016186 seconds .

========================================================================
Received Import Request.
  Time since last request: 40.916241 seconds.
  path: Assets/Resources/Textures/Player/MegaMan/Pattern.jpg
  artifactKey: Guid(0ea49462d7c27ff4eb95b0e004af7a4e) Importer(815301076,1909f56bfc062723c751e8b465ee728b)
Start importing Assets/Resources/Textures/Player/MegaMan/Pattern.jpg using Guid(0ea49462d7c27ff4eb95b0e004af7a4e) Importer(815301076,1909f56bfc062723c751e8b465ee728b)  -> (artifact id: '5350fde99e67df23cf8938548543358e') in 0.053998 seconds
  Import took 0.059742 seconds .

========================================================================
Received Import Request.
  Time since last request: 7.732388 seconds.
  path: Assets/Resources/Textures/Player/MegaMan/Pallette.png
  artifactKey: Guid(01fe6bb1954a70e499fc44bf4b94b3ed) Importer(815301076,1909f56bfc062723c751e8b465ee728b)
Start importing Assets/Resources/Textures/Player/MegaMan/Pallette.png using Guid(01fe6bb1954a70e499fc44bf4b94b3ed) Importer(815301076,1909f56bfc062723c751e8b465ee728b)  -> (artifact id: '8b4cf458bee29fee1d238db4c4e0eced') in 0.015814 seconds
  Import took 0.020569 seconds .

========================================================================
Received Import Request.
  Time since last request: 8.224916 seconds.
  path: Assets/Resources/Textures/Player/MegaMan/Pallette.png
  artifactKey: Guid(01fe6bb1954a70e499fc44bf4b94b3ed) Importer(815301076,1909f56bfc062723c751e8b465ee728b)
Start importing Assets/Resources/Textures/Player/MegaMan/Pallette.png using Guid(01fe6bb1954a70e499fc44bf4b94b3ed) Importer(815301076,1909f56bfc062723c751e8b465ee728b)  -> (artifact id: '1729449a24500520fcb4bbfd035a5ed6') in 0.005025 seconds
  Import took 0.009855 seconds .

========================================================================
Received Import Request.
  Time since last request: 0.025148 seconds.
  path: Assets/Resources/Textures/Player/MegaMan/Pallette.png
  artifactKey: Guid(01fe6bb1954a70e499fc44bf4b94b3ed) Importer(815301076,1909f56bfc062723c751e8b465ee728b)
Start importing Assets/Resources/Textures/Player/MegaMan/Pallette.png using Guid(01fe6bb1954a70e499fc44bf4b94b3ed) Importer(815301076,1909f56bfc062723c751e8b465ee728b)  -> (artifact id: '1729449a24500520fcb4bbfd035a5ed6') in 0.004978 seconds
  Import took 0.009941 seconds .

========================================================================
Received Import Request.
  Time since last request: 95.078644 seconds.
  path: Assets/Resources/Textures/Player/MegaMan/Pallette.png
  artifactKey: Guid(01fe6bb1954a70e499fc44bf4b94b3ed) Importer(815301076,1909f56bfc062723c751e8b465ee728b)
Start importing Assets/Resources/Textures/Player/MegaMan/Pallette.png using Guid(01fe6bb1954a70e499fc44bf4b94b3ed) Importer(815301076,1909f56bfc062723c751e8b465ee728b)  -> (artifact id: '13f1d4cfebd5b9a3f17f2a9719b15a5c') in 0.005940 seconds
  Import took 0.012467 seconds .

========================================================================
Received Import Request.
  Time since last request: 0.017594 seconds.
  path: Assets/Resources/Textures/Player/MegaMan/Pallette.png
  artifactKey: Guid(01fe6bb1954a70e499fc44bf4b94b3ed) Importer(815301076,1909f56bfc062723c751e8b465ee728b)
Start importing Assets/Resources/Textures/Player/MegaMan/Pallette.png using Guid(01fe6bb1954a70e499fc44bf4b94b3ed) Importer(815301076,1909f56bfc062723c751e8b465ee728b)  -> (artifact id: '13f1d4cfebd5b9a3f17f2a9719b15a5c') in 0.005257 seconds
  Import took 0.010740 seconds .

========================================================================
Received Import Request.
  Time since last request: 16.487659 seconds.
  path: Assets/Resources/Textures/Player/MegaMan/Pallette.png
  artifactKey: Guid(01fe6bb1954a70e499fc44bf4b94b3ed) Importer(815301076,1909f56bfc062723c751e8b465ee728b)
Start importing Assets/Resources/Textures/Player/MegaMan/Pallette.png using Guid(01fe6bb1954a70e499fc44bf4b94b3ed) Importer(815301076,1909f56bfc062723c751e8b465ee728b)  -> (artifact id: '30993627e22a6f1e2ec099cdf13c33d2') in 0.004962 seconds
  Import took 0.010155 seconds .

========================================================================
Received Import Request.
  Time since last request: 0.019033 seconds.
  path: Assets/Resources/Textures/Player/MegaMan/Pallette.png
  artifactKey: Guid(01fe6bb1954a70e499fc44bf4b94b3ed) Importer(815301076,1909f56bfc062723c751e8b465ee728b)
Start importing Assets/Resources/Textures/Player/MegaMan/Pallette.png using Guid(01fe6bb1954a70e499fc44bf4b94b3ed) Importer(815301076,1909f56bfc062723c751e8b465ee728b)  -> (artifact id: '30993627e22a6f1e2ec099cdf13c33d2') in 0.005242 seconds
  Import took 0.011379 seconds .

========================================================================
Received Import Request.
  Time since last request: 19.076978 seconds.
  path: Assets/Settings/RenderPipeline.asset
  artifactKey: Guid(b19d704d651246f4bb1ed3beeac4987d) Importer(815301076,1909f56bfc062723c751e8b465ee728b)
Start importing Assets/Settings/RenderPipeline.asset using Guid(b19d704d651246f4bb1ed3beeac4987d) Importer(815301076,1909f56bfc062723c751e8b465ee728b)  -> (artifact id: '263db479c683e9a0729156052e7bdfee') in 0.006045 seconds
  Import took 0.011521 seconds .

========================================================================
Received Import Request.
  Time since last request: 0.000278 seconds.
  path: Assets/Settings/RenderPipeline_Renderer.asset
  artifactKey: Guid(6b369102227bf78449b93a48ba102d2e) Importer(815301076,1909f56bfc062723c751e8b465ee728b)
Start importing Assets/Settings/RenderPipeline_Renderer.asset using Guid(6b369102227bf78449b93a48ba102d2e) Importer(815301076,1909f56bfc062723c751e8b465ee728b)  -> (artifact id: '5a6e822a0c7e77c82a6c584fd5766c0b') in 0.006012 seconds
  Import took 0.103818 seconds .

========================================================================
Received Import Request.
  Time since last request: 40.239472 seconds.
  path: Assets/Settings/RenderPipeline.asset
  artifactKey: Guid(b19d704d651246f4bb1ed3beeac4987d) Importer(815301076,1909f56bfc062723c751e8b465ee728b)
Start importing Assets/Settings/RenderPipeline.asset using Guid(b19d704d651246f4bb1ed3beeac4987d) Importer(815301076,1909f56bfc062723c751e8b465ee728b)  -> (artifact id: 'c45e1a6f8f441ba03595a43376066b9d') in 0.003410 seconds
  Import took 0.008965 seconds .

========================================================================
Received Import Request.
  Time since last request: 0.026437 seconds.
  path: Assets/Settings/RenderPipeline.asset
  artifactKey: Guid(b19d704d651246f4bb1ed3beeac4987d) Importer(815301076,1909f56bfc062723c751e8b465ee728b)
Start importing Assets/Settings/RenderPipeline.asset using Guid(b19d704d651246f4bb1ed3beeac4987d) Importer(815301076,1909f56bfc062723c751e8b465ee728b)  -> (artifact id: 'c45e1a6f8f441ba03595a43376066b9d') in 0.003697 seconds
  Import took 0.008437 seconds .

========================================================================
Received Import Request.
  Time since last request: 13.692709 seconds.
  path: Assets/Settings/RenderPipeline.asset
  artifactKey: Guid(b19d704d651246f4bb1ed3beeac4987d) Importer(815301076,1909f56bfc062723c751e8b465ee728b)
Start importing Assets/Settings/RenderPipeline.asset using Guid(b19d704d651246f4bb1ed3beeac4987d) Importer(815301076,1909f56bfc062723c751e8b465ee728b)  -> (artifact id: '14c88521cf35febe5138dd95da5004c0') in 0.003067 seconds
  Import took 0.009177 seconds .

========================================================================
Received Import Request.
  Time since last request: 0.019340 seconds.
  path: Assets/Settings/RenderPipeline.asset
  artifactKey: Guid(b19d704d651246f4bb1ed3beeac4987d) Importer(815301076,1909f56bfc062723c751e8b465ee728b)
Start importing Assets/Settings/RenderPipeline.asset using Guid(b19d704d651246f4bb1ed3beeac4987d) Importer(815301076,1909f56bfc062723c751e8b465ee728b)  -> (artifact id: '14c88521cf35febe5138dd95da5004c0') in 0.003401 seconds
  Import took 0.008207 seconds .

========================================================================
Received Import Request.
  Time since last request: 153.691152 seconds.
  path: Assets/Settings/RenderPipeline.asset
  artifactKey: Guid(b19d704d651246f4bb1ed3beeac4987d) Importer(815301076,1909f56bfc062723c751e8b465ee728b)
Start importing Assets/Settings/RenderPipeline.asset using Guid(b19d704d651246f4bb1ed3beeac4987d) Importer(815301076,1909f56bfc062723c751e8b465ee728b)  -> (artifact id: 'ae3552a287062b1d1fc618969984db7c') in 0.004617 seconds
  Import took 0.010728 seconds .

========================================================================
Received Import Request.
  Time since last request: 0.021380 seconds.
  path: Assets/Settings/RenderPipeline.asset
  artifactKey: Guid(b19d704d651246f4bb1ed3beeac4987d) Importer(815301076,1909f56bfc062723c751e8b465ee728b)
Start importing Assets/Settings/RenderPipeline.asset using Guid(b19d704d651246f4bb1ed3beeac4987d) Importer(815301076,1909f56bfc062723c751e8b465ee728b)  -> (artifact id: 'ae3552a287062b1d1fc618969984db7c') in 0.003125 seconds
  Import took 0.008370 seconds .

========================================================================
Received Import Request.
  Time since last request: 4.078581 seconds.
  path: Assets/Settings/RenderPipeline.asset
  artifactKey: Guid(b19d704d651246f4bb1ed3beeac4987d) Importer(815301076,1909f56bfc062723c751e8b465ee728b)
Start importing Assets/Settings/RenderPipeline.asset using Guid(b19d704d651246f4bb1ed3beeac4987d) Importer(815301076,1909f56bfc062723c751e8b465ee728b)  -> (artifact id: '53bb21434327127e47d906fa64b98689') in 0.002737 seconds
  Import took 0.008147 seconds .

========================================================================
Received Import Request.
  Time since last request: 0.021178 seconds.
  path: Assets/Settings/RenderPipeline.asset
  artifactKey: Guid(b19d704d651246f4bb1ed3beeac4987d) Importer(815301076,1909f56bfc062723c751e8b465ee728b)
Start importing Assets/Settings/RenderPipeline.asset using Guid(b19d704d651246f4bb1ed3beeac4987d) Importer(815301076,1909f56bfc062723c751e8b465ee728b)  -> (artifact id: '53bb21434327127e47d906fa64b98689') in 0.003031 seconds
  Import took 0.008159 seconds .

========================================================================
Received Prepare
Registering precompiled user dll's ...
Registered in 0.001706 seconds.
Begin MonoManager ReloadAssembly
Native extension for WindowsStandalone target not found
Refreshing native plugins compatible for Editor in 0.45 ms, found 0 plugins.
Preloading 0 native plugins for Editor in 0.00 ms.
Warning: Annotation not found!
UnityEngine.StackTraceUtility:ExtractStackTrace ()
UnityEditor.ProBuilder.EditorUtility:SetGizmoIconEnabled (System.Type,bool) (at Library/PackageCache/com.unity.probuilder@4.5.0/Editor/EditorCore/EditorUtility.cs:593)
UnityEditor.ProBuilder.HierarchyListener:.cctor () (at Library/PackageCache/com.unity.probuilder@4.5.0/Editor/EditorCore/HierarchyListener.cs:21)
System.Runtime.CompilerServices.RuntimeHelpers:RunClassConstructor (System.RuntimeTypeHandle)
UnityEditor.EditorAssemblies:ProcessInitializeOnLoadAttributes (System.Type[])

[Library/PackageCache/com.unity.probuilder@4.5.0/Editor/EditorCore/EditorUtility.cs line 593]

Invoked RoslynAnalysisRunner static constructor.
RoslynAnalysisRunner will not be running.
RoslynAnalysisRunner has terminated.
Mono: successfully reloaded assembly
- Completed reload, in  0.877 seconds
Platform modules already initialized, skipping
Shader 'Universal Render Pipeline/Particles/Lit': fallback shader 'Universal Render Pipeline/Particles/SimpleLit' not found
Refreshing native plugins compatible for Editor in 0.88 ms, found 0 plugins.
Preloading 0 native plugins for Editor in 0.00 ms.
Unloading 2901 Unused Serialized files (Serialized files now loaded: 0)
System memory in use before: 132.9 MB.
System memory in use after: 133.1 MB.

Unloading 9 unused Assets to reduce memory usage. Loaded Objects now: 3532.
Total: 3.246500 ms (FindLiveObjects: 0.465000 ms CreateObjectMapping: 0.159600 ms MarkObjects: 2.594400 ms  DeleteObjects: 0.025100 ms)

========================================================================
Received Prepare
Registering precompiled user dll's ...
Registered in 0.001081 seconds.
Begin MonoManager ReloadAssembly
Native extension for WindowsStandalone target not found
Refreshing native plugins compatible for Editor in 0.47 ms, found 0 plugins.
Preloading 0 native plugins for Editor in 0.00 ms.
Warning: Annotation not found!
UnityEngine.StackTraceUtility:ExtractStackTrace ()
UnityEditor.ProBuilder.EditorUtility:SetGizmoIconEnabled (System.Type,bool) (at Library/PackageCache/com.unity.probuilder@4.5.0/Editor/EditorCore/EditorUtility.cs:593)
UnityEditor.ProBuilder.HierarchyListener:.cctor () (at Library/PackageCache/com.unity.probuilder@4.5.0/Editor/EditorCore/HierarchyListener.cs:21)
System.Runtime.CompilerServices.RuntimeHelpers:RunClassConstructor (System.RuntimeTypeHandle)
UnityEditor.EditorAssemblies:ProcessInitializeOnLoadAttributes (System.Type[])

[Library/PackageCache/com.unity.probuilder@4.5.0/Editor/EditorCore/EditorUtility.cs line 593]

Invoked RoslynAnalysisRunner static constructor.
RoslynAnalysisRunner will not be running.
RoslynAnalysisRunner has terminated.
Mono: successfully reloaded assembly
- Completed reload, in  0.852 seconds
Platform modules already initialized, skipping
Shader 'Universal Render Pipeline/Particles/Lit': fallback shader 'Universal Render Pipeline/Particles/SimpleLit' not found
Refreshing native plugins compatible for Editor in 0.97 ms, found 0 plugins.
Preloading 0 native plugins for Editor in 0.00 ms.
Unloading 2899 Unused Serialized files (Serialized files now loaded: 0)
System memory in use before: 132.9 MB.
System memory in use after: 133.2 MB.

Unloading 9 unused Assets to reduce memory usage. Loaded Objects now: 3535.
Total: 6.501800 ms (FindLiveObjects: 0.508100 ms CreateObjectMapping: 0.199500 ms MarkObjects: 5.751600 ms  DeleteObjects: 0.040500 ms)

========================================================================
Received Prepare
Registering precompiled user dll's ...
Registered in 0.001118 seconds.
Begin MonoManager ReloadAssembly
Native extension for WindowsStandalone target not found
Refreshing native plugins compatible for Editor in 0.52 ms, found 0 plugins.
Preloading 0 native plugins for Editor in 0.00 ms.
Warning: Annotation not found!
UnityEngine.StackTraceUtility:ExtractStackTrace ()
UnityEditor.ProBuilder.EditorUtility:SetGizmoIconEnabled (System.Type,bool) (at Library/PackageCache/com.unity.probuilder@4.5.0/Editor/EditorCore/EditorUtility.cs:593)
UnityEditor.ProBuilder.HierarchyListener:.cctor () (at Library/PackageCache/com.unity.probuilder@4.5.0/Editor/EditorCore/HierarchyListener.cs:21)
System.Runtime.CompilerServices.RuntimeHelpers:RunClassConstructor (System.RuntimeTypeHandle)
UnityEditor.EditorAssemblies:ProcessInitializeOnLoadAttributes (System.Type[])

[Library/PackageCache/com.unity.probuilder@4.5.0/Editor/EditorCore/EditorUtility.cs line 593]

Invoked RoslynAnalysisRunner static constructor.
RoslynAnalysisRunner will not be running.
RoslynAnalysisRunner has terminated.
Mono: successfully reloaded assembly
- Completed reload, in  0.890 seconds
Platform modules already initialized, skipping
Shader 'Universal Render Pipeline/Particles/Lit': fallback shader 'Universal Render Pipeline/Particles/SimpleLit' not found
Refreshing native plugins compatible for Editor in 0.47 ms, found 0 plugins.
Preloading 0 native plugins for Editor in 0.00 ms.
Unloading 2899 Unused Serialized files (Serialized files now loaded: 0)
System memory in use before: 132.9 MB.
System memory in use after: 133.2 MB.

Unloading 9 unused Assets to reduce memory usage. Loaded Objects now: 3538.
Total: 3.678000 ms (FindLiveObjects: 0.812500 ms CreateObjectMapping: 0.286700 ms MarkObjects: 2.556000 ms  DeleteObjects: 0.021500 ms)

========================================================================
Received Prepare
Registering precompiled user dll's ...
Registered in 0.001112 seconds.
Begin MonoManager ReloadAssembly
Native extension for WindowsStandalone target not found
Refreshing native plugins compatible for Editor in 0.45 ms, found 0 plugins.
Preloading 0 native plugins for Editor in 0.00 ms.
Warning: Annotation not found!
UnityEngine.StackTraceUtility:ExtractStackTrace ()
UnityEditor.ProBuilder.EditorUtility:SetGizmoIconEnabled (System.Type,bool) (at Library/PackageCache/com.unity.probuilder@4.5.0/Editor/EditorCore/EditorUtility.cs:593)
UnityEditor.ProBuilder.HierarchyListener:.cctor () (at Library/PackageCache/com.unity.probuilder@4.5.0/Editor/EditorCore/HierarchyListener.cs:21)
System.Runtime.CompilerServices.RuntimeHelpers:RunClassConstructor (System.RuntimeTypeHandle)
UnityEditor.EditorAssemblies:ProcessInitializeOnLoadAttributes (System.Type[])

[Library/PackageCache/com.unity.probuilder@4.5.0/Editor/EditorCore/EditorUtility.cs line 593]

Invoked RoslynAnalysisRunner static constructor.
RoslynAnalysisRunner will not be running.
RoslynAnalysisRunner has terminated.
Mono: successfully reloaded assembly
- Completed reload, in  0.855 seconds
Platform modules already initialized, skipping
Shader 'Universal Render Pipeline/Particles/Lit': fallback shader 'Universal Render Pipeline/Particles/SimpleLit' not found
Refreshing native plugins compatible for Editor in 0.74 ms, found 0 plugins.
Preloading 0 native plugins for Editor in 0.00 ms.
Unloading 2899 Unused Serialized files (Serialized files now loaded: 0)
System memory in use before: 133.0 MB.
System memory in use after: 133.2 MB.

Unloading 9 unused Assets to reduce memory usage. Loaded Objects now: 3541.
Total: 6.298800 ms (FindLiveObjects: 0.873100 ms CreateObjectMapping: 0.691000 ms MarkObjects: 4.701000 ms  DeleteObjects: 0.032000 ms)

========================================================================
Received Import Request.
  Time since last request: 607.885057 seconds.
  path: Assets/Scenes/SampleScene.unity
  artifactKey: Guid(9fc0d4010bbf28b4594072e72b8655ab) Importer(815301076,1909f56bfc062723c751e8b465ee728b)
Start importing Assets/Scenes/SampleScene.unity using Guid(9fc0d4010bbf28b4594072e72b8655ab) Importer(815301076,1909f56bfc062723c751e8b465ee728b)  -> (artifact id: 'a4de5a48328dad9c0eb0e8dec181394f') in 0.008296 seconds
  Import took 0.013003 seconds .

AssetImportWorkerClient::OnTransportError - code=2 error=End of file
